#
# There is insufficient memory for the Java Runtime Environment to continue.
# Native memory allocation (malloc) failed to allocate 1048576 bytes for AllocateHeap
# Possible reasons:
#   The system is out of physical RAM or swap space
#   In 32 bit mode, the process size limit was hit
# Possible solutions:
#   Reduce memory load on the system
#   Increase physical memory or swap space
#   Check if swap backing store is full
#   Use 64 bit Java on a 64 bit OS
#   Decrease Java heap size (-Xmx/-Xms)
#   Decrease number of Java threads
#   Decrease Java thread stack sizes (-Xss)
#   Set larger code cache with -XX:ReservedCodeCacheSize=
# This output file may be truncated or incomplete.
#
#  Out of Memory Error (memory/allocation.inline.hpp:61), pid=17424, tid=0x0000000000003758
#
# JRE version:  (8.0_144-b01) (build )
# Java VM: Java HotSpot(TM) 64-Bit Server VM (25.144-b01 mixed mode windows-amd64 compressed oops)
# Failed to write core dump. Minidumps are not enabled by default on client versions of Windows
#

---------------  T H R E A D  ---------------

Current thread (0x0000000002890800):  JavaThread "Unknown thread" [_thread_in_vm, id=14168, stack(0x0000000002790000,0x0000000002890000)]

Stack: [0x0000000002790000,0x0000000002890000]
[error occurred during error reporting (printing stack bounds), id 0xc0000005]

Native frames: (J=compiled Java code, j=interpreted, Vv=VM code, C=native code)


---------------  P R O C E S S  ---------------

Java Threads: ( => current thread )

Other Threads:

=>0x0000000002890800 (exited) JavaThread "Unknown thread" [_thread_in_vm, id=14168, stack(0x0000000002790000,0x0000000002890000)]

VM state:not at safepoint (normal execution)

VM Mutex/Monitor currently owned by a thread: None

Heap:
 PSYoungGen      total 18432K, used 317K [0x00000000eb600000, 0x00000000eca80000, 0x0000000100000000)
  eden space 15872K, 2% used [0x00000000eb600000,0x00000000eb64f5d0,0x00000000ec580000)
  from space 2560K, 0% used [0x00000000ec800000,0x00000000ec800000,0x00000000eca80000)
  to   space 2560K, 0% used [0x00000000ec580000,0x00000000ec580000,0x00000000ec800000)
 ParOldGen       total 42496K, used 0K [0x00000000c2200000, 0x00000000c4b80000, 0x00000000eb600000)
  object space 42496K, 0% used [0x00000000c2200000,0x00000000c2200000,0x00000000c4b80000)
 Metaspace       used 746K, capacity 4480K, committed 4480K, reserved 1056768K
  class space    used 75K, capacity 384K, committed 384K, reserved 1048576K

Card table byte_map: [0x0000000011d50000,0x0000000011f40000] byte_map_base: 0x000000001173f000

Marking Bits: (ParMarkBitMap*) 0x000000006f2dd850
 Begin Bits: [0x0000000012490000, 0x0000000013408000)
 End Bits:   [0x0000000013408000, 0x0000000014380000)

Polling page: 0x0000000002650000

CodeCache: size=245760Kb used=328Kb max_used=328Kb free=245431Kb
 bounds [0x0000000002990000, 0x0000000002c00000, 0x0000000011990000]
 total_blobs=58 nmethods=0 adapters=38
 compilation: enabled

Compilation events (0 events):
No events

GC Heap History (0 events):
No events

Deoptimization events (0 events):
No events

Internal exceptions (0 events):
No events

Events (10 events):
Event: 0.086 loading class java/lang/Short
Event: 0.086 loading class java/lang/Short done
Event: 0.086 loading class java/lang/Integer
Event: 0.087 loading class java/lang/Integer done
Event: 0.087 loading class java/lang/Long
Event: 0.087 loading class java/lang/Long done
Event: 0.087 loading class java/lang/NullPointerException
Event: 0.087 loading class java/lang/NullPointerException done
Event: 0.087 loading class java/lang/ArithmeticException
Event: 0.087 loading class java/lang/ArithmeticException done


Dynamic libraries:
0x00007ff763110000 - 0x00007ff763147000 	C:\Program Files\Java\jre1.8.0_144\bin\javaw.exe
0x00007ff861f00000 - 0x00007ff8620db000 	C:\WINDOWS\SYSTEM32\ntdll.dll
0x00007ff861c70000 - 0x00007ff861d1e000 	C:\WINDOWS\System32\KERNEL32.DLL
0x00007ff85efe0000 - 0x00007ff85f229000 	C:\WINDOWS\System32\KERNELBASE.dll
0x00007ff861dc0000 - 0x00007ff861e61000 	C:\WINDOWS\System32\ADVAPI32.dll
0x00007ff85fb80000 - 0x00007ff85fc1d000 	C:\WINDOWS\System32\msvcrt.dll
0x00007ff860210000 - 0x00007ff860269000 	C:\WINDOWS\System32\sechost.dll
0x00007ff85fa50000 - 0x00007ff85fb75000 	C:\WINDOWS\System32\RPCRT4.dll
0x00007ff85fe50000 - 0x00007ff85ff9a000 	C:\WINDOWS\System32\USER32.dll
0x00007ff85f280000 - 0x00007ff85f29e000 	C:\WINDOWS\System32\win32u.dll
0x00007ff861ed0000 - 0x00007ff861ef7000 	C:\WINDOWS\System32\GDI32.dll
0x00007ff85ee50000 - 0x00007ff85efd7000 	C:\WINDOWS\System32\gdi32full.dll
0x00007ff85f350000 - 0x00007ff85f3ea000 	C:\WINDOWS\System32\msvcp_win.dll
0x00007ff85e5f0000 - 0x00007ff85e6e6000 	C:\WINDOWS\System32\ucrtbase.dll
0x00007ff8511a0000 - 0x00007ff851407000 	C:\WINDOWS\WinSxS\amd64_microsoft.windows.common-controls_6595b64144ccf1df_6.0.15063.483_none_26002d27e7c744a2\COMCTL32.dll
0x00007ff8602d0000 - 0x00007ff8605c9000 	C:\WINDOWS\System32\combase.dll
0x00007ff85f3f0000 - 0x00007ff85f45a000 	C:\WINDOWS\System32\bcryptPrimitives.dll
0x00007ff861c40000 - 0x00007ff861c6d000 	C:\WINDOWS\System32\IMM32.DLL
0x000000006e820000 - 0x000000006e8f2000 	C:\Program Files\Java\jre1.8.0_144\bin\msvcr100.dll
0x000000006eac0000 - 0x000000006f35d000 	C:\Program Files\Java\jre1.8.0_144\bin\server\jvm.dll
0x00007ff861bc0000 - 0x00007ff861bc8000 	C:\WINDOWS\System32\PSAPI.DLL
0x00007ff85ba10000 - 0x00007ff85ba19000 	C:\WINDOWS\SYSTEM32\WSOCK32.dll
0x00007ff861bd0000 - 0x00007ff861c3c000 	C:\WINDOWS\System32\WS2_32.dll
0x00007ff84cd90000 - 0x00007ff84cd9a000 	C:\WINDOWS\SYSTEM32\VERSION.dll
0x00007ff85b810000 - 0x00007ff85b833000 	C:\WINDOWS\SYSTEM32\WINMM.dll
0x00007ff85b750000 - 0x00007ff85b77b000 	C:\WINDOWS\SYSTEM32\WINMMBASE.dll
0x00007ff85f230000 - 0x00007ff85f279000 	C:\WINDOWS\System32\cfgmgr32.dll
0x000000006e9d0000 - 0x000000006e9df000 	C:\Program Files\Java\jre1.8.0_144\bin\verify.dll
0x000000006e9a0000 - 0x000000006e9c9000 	C:\Program Files\Java\jre1.8.0_144\bin\java.dll
0x000000006e980000 - 0x000000006e996000 	C:\Program Files\Java\jre1.8.0_144\bin\zip.dll

VM Arguments:
jvm_args: -Dfile.encoding=Cp1252 
java_command: initializer
java_class_path (initial): C:\Users\boggo\Documents\ClassStuff\Text-Game\bin
Launcher Type: SUN_STANDARD

Environment Variables:
PATH=C:/Program Files/Java/jre1.8.0_144/bin/server;C:/Program Files/Java/jre1.8.0_144/bin;C:/Program Files/Java/jre1.8.0_144/lib/amd64;C:\ProgramData\Oracle\Java\javapath;C:\WINDOWS\system32;C:\WINDOWS;C:\WINDOWS\System32\Wbem;C:\WINDOWS\System32\WindowsPowerShell\v1.0\;C:\Program Files (x86)\PuTTY\;C:\Program Files\Git\cmd;C:\Users\boggo\AppData\Local\Microsoft\WindowsApps;;C:\WINDOWS\System32;
USERNAME=boggo
OS=Windows_NT
PROCESSOR_IDENTIFIER=Intel64 Family 6 Model 58 Stepping 9, GenuineIntel



---------------  S Y S T E M  ---------------

OS: Windows 10.0 , 64 bit Build 15063 (10.0.15063.296)

CPU:total 4 (initial active 4) (2 cores per cpu, 2 threads per core) family 6 model 58 stepping 9, cmov, cx8, fxsr, mmx, sse, sse2, sse3, ssse3, sse4.1, sse4.2, popcnt, avx, aes, clmul, erms, ht, tsc, tscinvbit, tscinv

Memory: 4k page, physical 4054512k(1308388k free), swap 16637424k(5180k free)

vm_info: Java HotSpot(TM) 64-Bit Server VM (25.144-b01) for windows-amd64 JRE (1.8.0_144-b01), built on Jul 21 2017 21:57:33 by "java_re" with MS VC++ 10.0 (VS2010)

time: Fri Nov 17 20:45:40 2017
elapsed time: 0 seconds (0d 0h 0m 0s)

